<?xml version="1.0" encoding="UTF-8"?>
<!-- Generated by org.testng.reporters.JUnitReportReporter -->
<testsuite hostname="nata-bod" failures="0" tests="1" name="org.ait.demoqa.tests.bookStore.LoginPageTests" time="7.655" errors="0" timestamp="2023-10-12T12:35:10 MESZ" skipped="0">
  <testcase classname="org.ait.demoqa.tests.bookStore.LoginPageTests" name="loginPositiveTest" time="7.655"/>
</testsuite> <!-- org.ait.demoqa.tests.bookStore.LoginPageTests -->
